
Showing logs for build [32mcb-kubecd-environment-pr-165-15-wd6jd-1[0m stage [32mfrom-build-pack[0m and container [32mstep-credential-initializer-j58cd[0m
{"level":"warn","ts":1582613137.9903736,"logger":"fallback-logger","caller":"logging/config.go:69","msg":"Fetch GitHub commit ID from kodata failed: \"ref: refs/heads/0.8.0-**-support-backwards-incompats\" is not a valid GitHub commit ID"}
{"level":"info","ts":1582613137.991463,"logger":"fallback-logger","caller":"creds-init/main.go:40","msg":"Credentials initialized."}

Showing logs for build [32mcb-kubecd-environment-pr-165-15-wd6jd-1[0m stage [32mfrom-build-pack[0m and container [32mstep-working-dir-initializer-hmlmv[0m
{"level":"warn","ts":1582613139.7585268,"logger":"fallback-logger","caller":"logging/config.go:69","msg":"Fetch GitHub commit ID from kodata failed: open /var/run/ko/HEAD: no such file or directory"}
{"level":"info","ts":1582613139.7603412,"logger":"fallback-logger","caller":"bash/main.go:64","msg":"Successfully executed command \"sh -c mkdir -p /workspace/source\"; output "}

Showing logs for build [32mcb-kubecd-environment-pr-165-15-wd6jd-1[0m stage [32mfrom-build-pack[0m and container [32mstep-place-tools[0m

Showing logs for build [32mcb-kubecd-environment-pr-165-15-wd6jd-1[0m stage [32mfrom-build-pack[0m and container [32mstep-git-source-cb-kubecd-environment-pr-165-15-wd6jd-rjs2c[0m
{"level":"warn","ts":1582613146.0835397,"logger":"fallback-logger","caller":"logging/config.go:69","msg":"Fetch GitHub commit ID from kodata failed: \"ref: refs/heads/0.8.0-**-support-backwards-incompats\" is not a valid GitHub commit ID"}
{"level":"info","ts":1582613147.1445677,"logger":"fallback-logger","caller":"git/git.go:103","msg":"Successfully cloned https://github.com/cb-kubecd/environment-pr-165-157-gke-upgrade-staging.git @ master in path /workspace/source"}

Showing logs for build [32mcb-kubecd-environment-pr-165-15-wd6jd-1[0m stage [32mfrom-build-pack[0m and container [32mstep-git-merge[0m
Using SHAs from PULL_REFS=master:6677d2be758b0eea9cb05773292d823a0fbe6069,1:cfddccc276923831aaaad0ef703cd1900cdc5524
DEBUG: LC_ALL=C JX_LOG_LEVEL=error git fetch origin --unshallow cfddccc276923831aaaad0ef703cd1900cdc5524: 6677d2be758b0eea9cb05773292d823a0fbe6069:
DEBUG: ran git fetch --unshallow origin cfddccc276923831aaaad0ef703cd1900cdc5524: 6677d2be758b0eea9cb05773292d823a0fbe6069: in 
DEBUG: LC_ALL=C JX_LOG_LEVEL=error git branch
DEBUG: LC_ALL=C JX_LOG_LEVEL=error git checkout master
DEBUG: ran git checkout master in 
DEBUG: LC_ALL=C JX_LOG_LEVEL=error git reset --hard 6677d2be758b0eea9cb05773292d823a0fbe6069
DEBUG: ran git reset --hard 6677d2be758b0eea9cb05773292d823a0fbe6069 in 
DEBUG: LC_ALL=C JX_LOG_LEVEL=error git clean -fd .
DEBUG: ran clean --force -d . in 
DEBUG: LC_ALL=C JX_LOG_LEVEL=error git merge cfddccc276923831aaaad0ef703cd1900cdc5524
DEBUG: ran git merge cfddccc276923831aaaad0ef703cd1900cdc5524 in 
DEBUG: LC_ALL=C JX_LOG_LEVEL=error git log --format=%H%x1f%an%x1f%ae%x1f%cn%x1f%ce%x1f%s%n%b%x1e 6677d2be758b0eea9cb05773292d823a0fbe6069..HEAD
Merged SHA cfddccc276923831aaaad0ef703cd1900cdc5524 with commit message 'chore: Promote bdd-spring-1582612821 to version 0.0.1' into base branch master

Showing logs for build [32mcb-kubecd-environment-pr-165-15-wd6jd-1[0m stage [32mfrom-build-pack[0m and container [32mstep-build-helm-build[0m
WARNING: No $CHART_REPOSITORY defined so using the default value of: http://jenkins-x-chartmuseum:8080
Adding missing Helm repo: storage.googleapis.com https://storage.googleapis.com/chartmuseum.jenkins-x.io
WARNING: No secrets found on "helm/repos" due: reading the secret "helm/repos" from vault: no secret "helm/repos" not found in vault
Read credentials for https://storage.googleapis.com/chartmuseum.jenkins-x.io from vault helm/repos
Successfully added Helm repository storage.googleapis.com.
Adding missing Helm repo: jenkins-x-chartmuseum http://jenkins-x-chartmuseum:8080
WARNING: No secrets found on "helm/repos" due: reading the secret "helm/repos" from vault: no secret "helm/repos" not found in vault
Read credentials for http://jenkins-x-chartmuseum:8080 from vault helm/repos
Successfully added Helm repository jenkins-x-chartmuseum.
WARNING: No $CHART_REPOSITORY defined so using the default value of: http://jenkins-x-chartmuseum:8080
Adding missing Helm repo: chartmuseum.jenkins-x.io http://chartmuseum.jenkins-x.io
WARNING: No secrets found on "helm/repos" due: reading the secret "helm/repos" from vault: no secret "helm/repos" not found in vault
Read credentials for http://chartmuseum.jenkins-x.io from vault helm/repos
Successfully added Helm repository chartmuseum.jenkins-x.io.
